08-26 12:14:30 com_github_MitjaNemec_PlaceFootprints.action_place_footprints 378:Plugin executed on: 'win32'
08-26 12:14:30 com_github_MitjaNemec_PlaceFootprints.action_place_footprints 379:Plugin executed with python version: '3.9.10 (main, Jun 24 2022, 05:34:59) [MSC v.1932 64 bit (AMD64)]'
08-26 12:14:30 com_github_MitjaNemec_PlaceFootprints.action_place_footprints 380:KiCad build version: (6.0.6)
08-26 12:14:30 com_github_MitjaNemec_PlaceFootprints.action_place_footprints 381:Plugin version: 1.2.5
08-26 12:14:30 com_github_MitjaNemec_PlaceFootprints.action_place_footprints 382:Frame repr: <wx._core.Frame object at 0x00000175C92821F0>
08-26 12:14:30 com_github_MitjaNemec_PlaceFootprints.place_footprints 121:getting a list of all footprints on board
08-26 12:14:30 com_github_MitjaNemec_PlaceFootprints.place_footprints 148:Footprint U201 on root level
08-26 12:14:30 com_github_MitjaNemec_PlaceFootprints.place_footprints 148:Footprint U200 on root level
08-26 12:14:30 com_github_MitjaNemec_PlaceFootprints.place_footprints 148:Footprint U199 on root level
08-26 12:14:30 com_github_MitjaNemec_PlaceFootprints.place_footprints 148:Footprint U198 on root level
08-26 12:14:30 com_github_MitjaNemec_PlaceFootprints.place_footprints 148:Footprint U197 on root level
08-26 12:14:30 com_github_MitjaNemec_PlaceFootprints.place_footprints 148:Footprint U196 on root level
08-26 12:14:30 com_github_MitjaNemec_PlaceFootprints.place_footprints 148:Footprint U195 on root level
08-26 12:14:30 com_github_MitjaNemec_PlaceFootprints.place_footprints 148:Footprint U194 on root level
08-26 12:14:30 com_github_MitjaNemec_PlaceFootprints.place_footprints 148:Footprint U193 on root level
08-26 12:14:30 com_github_MitjaNemec_PlaceFootprints.place_footprints 148:Footprint U192 on root level
08-26 12:14:31 com_github_MitjaNemec_PlaceFootprints.place_footprints 148:Footprint U191 on root level
08-26 12:14:31 com_github_MitjaNemec_PlaceFootprints.place_footprints 148:Footprint U190 on root level
08-26 12:14:31 com_github_MitjaNemec_PlaceFootprints.place_footprints 148:Footprint U189 on root level
08-26 12:14:31 com_github_MitjaNemec_PlaceFootprints.place_footprints 148:Footprint U188 on root level
08-26 12:14:31 com_github_MitjaNemec_PlaceFootprints.place_footprints 148:Footprint U187 on root level
08-26 12:14:31 com_github_MitjaNemec_PlaceFootprints.place_footprints 148:Footprint U186 on root level
08-26 12:14:31 com_github_MitjaNemec_PlaceFootprints.place_footprints 148:Footprint U185 on root level
08-26 12:14:31 com_github_MitjaNemec_PlaceFootprints.place_footprints 148:Footprint U184 on root level
08-26 12:14:31 com_github_MitjaNemec_PlaceFootprints.place_footprints 148:Footprint U183 on root level
08-26 12:14:31 com_github_MitjaNemec_PlaceFootprints.place_footprints 148:Footprint U182 on root level
08-26 12:14:31 com_github_MitjaNemec_PlaceFootprints.place_footprints 148:Footprint U181 on root level
08-26 12:14:31 com_github_MitjaNemec_PlaceFootprints.place_footprints 148:Footprint U180 on root level
08-26 12:14:31 com_github_MitjaNemec_PlaceFootprints.place_footprints 148:Footprint U179 on root level
08-26 12:14:31 com_github_MitjaNemec_PlaceFootprints.place_footprints 148:Footprint U178 on root level
08-26 12:14:31 com_github_MitjaNemec_PlaceFootprints.place_footprints 148:Footprint U177 on root level
08-26 12:14:31 com_github_MitjaNemec_PlaceFootprints.place_footprints 148:Footprint U176 on root level
08-26 12:14:31 com_github_MitjaNemec_PlaceFootprints.place_footprints 148:Footprint U175 on root level
08-26 12:14:31 com_github_MitjaNemec_PlaceFootprints.place_footprints 148:Footprint U174 on root level
08-26 12:14:31 com_github_MitjaNemec_PlaceFootprints.place_footprints 148:Footprint U173 on root level
08-26 12:14:31 com_github_MitjaNemec_PlaceFootprints.place_footprints 148:Footprint U172 on root level
08-26 12:14:31 com_github_MitjaNemec_PlaceFootprints.place_footprints 148:Footprint U171 on root level
08-26 12:14:31 com_github_MitjaNemec_PlaceFootprints.place_footprints 148:Footprint U170 on root level
08-26 12:14:31 com_github_MitjaNemec_PlaceFootprints.place_footprints 148:Footprint U169 on root level
08-26 12:14:31 com_github_MitjaNemec_PlaceFootprints.place_footprints 148:Footprint U168 on root level
08-26 12:14:31 com_github_MitjaNemec_PlaceFootprints.place_footprints 148:Footprint U167 on root level
08-26 12:14:31 com_github_MitjaNemec_PlaceFootprints.place_footprints 148:Footprint U166 on root level
08-26 12:14:31 com_github_MitjaNemec_PlaceFootprints.place_footprints 148:Footprint U165 on root level
08-26 12:14:31 com_github_MitjaNemec_PlaceFootprints.place_footprints 148:Footprint U164 on root level
08-26 12:14:31 com_github_MitjaNemec_PlaceFootprints.place_footprints 148:Footprint U163 on root level
08-26 12:14:31 com_github_MitjaNemec_PlaceFootprints.place_footprints 148:Footprint U162 on root level
08-26 12:14:31 com_github_MitjaNemec_PlaceFootprints.place_footprints 148:Footprint U161 on root level
08-26 12:14:31 com_github_MitjaNemec_PlaceFootprints.place_footprints 148:Footprint U160 on root level
08-26 12:14:31 com_github_MitjaNemec_PlaceFootprints.place_footprints 148:Footprint U159 on root level
08-26 12:14:31 com_github_MitjaNemec_PlaceFootprints.place_footprints 148:Footprint U158 on root level
08-26 12:14:31 com_github_MitjaNemec_PlaceFootprints.place_footprints 148:Footprint U157 on root level
08-26 12:14:31 com_github_MitjaNemec_PlaceFootprints.place_footprints 148:Footprint U156 on root level
08-26 12:14:31 com_github_MitjaNemec_PlaceFootprints.place_footprints 148:Footprint U155 on root level
08-26 12:14:31 com_github_MitjaNemec_PlaceFootprints.place_footprints 148:Footprint U154 on root level
08-26 12:14:31 com_github_MitjaNemec_PlaceFootprints.place_footprints 148:Footprint U153 on root level
08-26 12:14:31 com_github_MitjaNemec_PlaceFootprints.place_footprints 148:Footprint U152 on root level
08-26 12:14:31 com_github_MitjaNemec_PlaceFootprints.place_footprints 148:Footprint U151 on root level
08-26 12:14:31 com_github_MitjaNemec_PlaceFootprints.place_footprints 148:Footprint U150 on root level
08-26 12:14:31 com_github_MitjaNemec_PlaceFootprints.place_footprints 148:Footprint U149 on root level
08-26 12:14:31 com_github_MitjaNemec_PlaceFootprints.place_footprints 148:Footprint U148 on root level
08-26 12:14:31 com_github_MitjaNemec_PlaceFootprints.place_footprints 148:Footprint U147 on root level
08-26 12:14:31 com_github_MitjaNemec_PlaceFootprints.place_footprints 148:Footprint U146 on root level
08-26 12:14:31 com_github_MitjaNemec_PlaceFootprints.place_footprints 148:Footprint U145 on root level
08-26 12:14:31 com_github_MitjaNemec_PlaceFootprints.place_footprints 148:Footprint U144 on root level
08-26 12:14:31 com_github_MitjaNemec_PlaceFootprints.place_footprints 148:Footprint U143 on root level
08-26 12:14:31 com_github_MitjaNemec_PlaceFootprints.place_footprints 148:Footprint U142 on root level
08-26 12:14:31 com_github_MitjaNemec_PlaceFootprints.place_footprints 148:Footprint U141 on root level
08-26 12:14:31 com_github_MitjaNemec_PlaceFootprints.place_footprints 148:Footprint U140 on root level
08-26 12:14:31 com_github_MitjaNemec_PlaceFootprints.place_footprints 148:Footprint U139 on root level
08-26 12:14:31 com_github_MitjaNemec_PlaceFootprints.place_footprints 148:Footprint U138 on root level
08-26 12:14:31 com_github_MitjaNemec_PlaceFootprints.place_footprints 148:Footprint U137 on root level
08-26 12:14:31 com_github_MitjaNemec_PlaceFootprints.place_footprints 148:Footprint U136 on root level
08-26 12:14:31 com_github_MitjaNemec_PlaceFootprints.place_footprints 148:Footprint U135 on root level
08-26 12:14:31 com_github_MitjaNemec_PlaceFootprints.place_footprints 148:Footprint U134 on root level
08-26 12:14:31 com_github_MitjaNemec_PlaceFootprints.place_footprints 148:Footprint U133 on root level
08-26 12:14:31 com_github_MitjaNemec_PlaceFootprints.place_footprints 148:Footprint U132 on root level
08-26 12:14:31 com_github_MitjaNemec_PlaceFootprints.place_footprints 148:Footprint U131 on root level
08-26 12:14:31 com_github_MitjaNemec_PlaceFootprints.place_footprints 148:Footprint U130 on root level
08-26 12:14:31 com_github_MitjaNemec_PlaceFootprints.place_footprints 148:Footprint U129 on root level
08-26 12:14:31 com_github_MitjaNemec_PlaceFootprints.place_footprints 148:Footprint U128 on root level
08-26 12:14:31 com_github_MitjaNemec_PlaceFootprints.place_footprints 148:Footprint U127 on root level
08-26 12:14:31 com_github_MitjaNemec_PlaceFootprints.place_footprints 148:Footprint U126 on root level
08-26 12:14:31 com_github_MitjaNemec_PlaceFootprints.place_footprints 148:Footprint U125 on root level
08-26 12:14:31 com_github_MitjaNemec_PlaceFootprints.place_footprints 148:Footprint U124 on root level
08-26 12:14:31 com_github_MitjaNemec_PlaceFootprints.place_footprints 148:Footprint U123 on root level
08-26 12:14:31 com_github_MitjaNemec_PlaceFootprints.place_footprints 148:Footprint U122 on root level
08-26 12:14:31 com_github_MitjaNemec_PlaceFootprints.place_footprints 148:Footprint U121 on root level
08-26 12:14:31 com_github_MitjaNemec_PlaceFootprints.place_footprints 148:Footprint U120 on root level
08-26 12:14:31 com_github_MitjaNemec_PlaceFootprints.place_footprints 148:Footprint U119 on root level
08-26 12:14:31 com_github_MitjaNemec_PlaceFootprints.place_footprints 148:Footprint U118 on root level
08-26 12:14:31 com_github_MitjaNemec_PlaceFootprints.place_footprints 148:Footprint U117 on root level
08-26 12:14:31 com_github_MitjaNemec_PlaceFootprints.place_footprints 148:Footprint U116 on root level
08-26 12:14:31 com_github_MitjaNemec_PlaceFootprints.place_footprints 148:Footprint U115 on root level
08-26 12:14:31 com_github_MitjaNemec_PlaceFootprints.place_footprints 148:Footprint U114 on root level
08-26 12:14:31 com_github_MitjaNemec_PlaceFootprints.place_footprints 148:Footprint U113 on root level
08-26 12:14:31 com_github_MitjaNemec_PlaceFootprints.place_footprints 148:Footprint U112 on root level
08-26 12:14:31 com_github_MitjaNemec_PlaceFootprints.place_footprints 148:Footprint U111 on root level
08-26 12:14:31 com_github_MitjaNemec_PlaceFootprints.place_footprints 148:Footprint U110 on root level
08-26 12:14:31 com_github_MitjaNemec_PlaceFootprints.place_footprints 148:Footprint U109 on root level
08-26 12:14:31 com_github_MitjaNemec_PlaceFootprints.place_footprints 148:Footprint U108 on root level
08-26 12:14:31 com_github_MitjaNemec_PlaceFootprints.place_footprints 148:Footprint U107 on root level
08-26 12:14:31 com_github_MitjaNemec_PlaceFootprints.place_footprints 148:Footprint U106 on root level
08-26 12:14:31 com_github_MitjaNemec_PlaceFootprints.place_footprints 148:Footprint U105 on root level
08-26 12:14:31 com_github_MitjaNemec_PlaceFootprints.place_footprints 148:Footprint U104 on root level
08-26 12:14:31 com_github_MitjaNemec_PlaceFootprints.place_footprints 148:Footprint U103 on root level
08-26 12:14:31 com_github_MitjaNemec_PlaceFootprints.place_footprints 148:Footprint U102 on root level
08-26 12:14:31 com_github_MitjaNemec_PlaceFootprints.place_footprints 148:Footprint U101 on root level
08-26 12:14:31 com_github_MitjaNemec_PlaceFootprints.place_footprints 148:Footprint U100 on root level
08-26 12:14:31 com_github_MitjaNemec_PlaceFootprints.place_footprints 148:Footprint U99 on root level
08-26 12:14:31 com_github_MitjaNemec_PlaceFootprints.place_footprints 148:Footprint U98 on root level
08-26 12:14:31 com_github_MitjaNemec_PlaceFootprints.place_footprints 148:Footprint U97 on root level
08-26 12:14:31 com_github_MitjaNemec_PlaceFootprints.place_footprints 148:Footprint U96 on root level
08-26 12:14:31 com_github_MitjaNemec_PlaceFootprints.place_footprints 148:Footprint U95 on root level
08-26 12:14:31 com_github_MitjaNemec_PlaceFootprints.place_footprints 148:Footprint U94 on root level
08-26 12:14:31 com_github_MitjaNemec_PlaceFootprints.place_footprints 148:Footprint U93 on root level
08-26 12:14:31 com_github_MitjaNemec_PlaceFootprints.place_footprints 148:Footprint U92 on root level
08-26 12:14:31 com_github_MitjaNemec_PlaceFootprints.place_footprints 148:Footprint U91 on root level
08-26 12:14:31 com_github_MitjaNemec_PlaceFootprints.place_footprints 148:Footprint U90 on root level
08-26 12:14:31 com_github_MitjaNemec_PlaceFootprints.place_footprints 148:Footprint U89 on root level
08-26 12:14:31 com_github_MitjaNemec_PlaceFootprints.place_footprints 148:Footprint U88 on root level
08-26 12:14:31 com_github_MitjaNemec_PlaceFootprints.place_footprints 148:Footprint U87 on root level
08-26 12:14:31 com_github_MitjaNemec_PlaceFootprints.place_footprints 148:Footprint U86 on root level
08-26 12:14:31 com_github_MitjaNemec_PlaceFootprints.place_footprints 148:Footprint U85 on root level
08-26 12:14:31 com_github_MitjaNemec_PlaceFootprints.place_footprints 148:Footprint U84 on root level
08-26 12:14:31 com_github_MitjaNemec_PlaceFootprints.place_footprints 148:Footprint U83 on root level
08-26 12:14:31 com_github_MitjaNemec_PlaceFootprints.place_footprints 148:Footprint U82 on root level
08-26 12:14:31 com_github_MitjaNemec_PlaceFootprints.place_footprints 148:Footprint U81 on root level
08-26 12:14:31 com_github_MitjaNemec_PlaceFootprints.place_footprints 148:Footprint U80 on root level
08-26 12:14:31 com_github_MitjaNemec_PlaceFootprints.place_footprints 148:Footprint U79 on root level
08-26 12:14:31 com_github_MitjaNemec_PlaceFootprints.place_footprints 148:Footprint U78 on root level
08-26 12:14:31 com_github_MitjaNemec_PlaceFootprints.place_footprints 148:Footprint U77 on root level
08-26 12:14:31 com_github_MitjaNemec_PlaceFootprints.place_footprints 148:Footprint U76 on root level
08-26 12:14:31 com_github_MitjaNemec_PlaceFootprints.place_footprints 148:Footprint U75 on root level
08-26 12:14:31 com_github_MitjaNemec_PlaceFootprints.place_footprints 148:Footprint U74 on root level
08-26 12:14:31 com_github_MitjaNemec_PlaceFootprints.place_footprints 148:Footprint U73 on root level
08-26 12:14:31 com_github_MitjaNemec_PlaceFootprints.place_footprints 148:Footprint U72 on root level
08-26 12:14:31 com_github_MitjaNemec_PlaceFootprints.place_footprints 148:Footprint U71 on root level
08-26 12:14:31 com_github_MitjaNemec_PlaceFootprints.place_footprints 148:Footprint U70 on root level
08-26 12:14:31 com_github_MitjaNemec_PlaceFootprints.place_footprints 148:Footprint U69 on root level
08-26 12:14:31 com_github_MitjaNemec_PlaceFootprints.place_footprints 148:Footprint U68 on root level
08-26 12:14:31 com_github_MitjaNemec_PlaceFootprints.place_footprints 148:Footprint U67 on root level
08-26 12:14:31 com_github_MitjaNemec_PlaceFootprints.place_footprints 148:Footprint U66 on root level
08-26 12:14:31 com_github_MitjaNemec_PlaceFootprints.place_footprints 148:Footprint U65 on root level
08-26 12:14:31 com_github_MitjaNemec_PlaceFootprints.place_footprints 148:Footprint U64 on root level
08-26 12:14:31 com_github_MitjaNemec_PlaceFootprints.place_footprints 148:Footprint U63 on root level
08-26 12:14:31 com_github_MitjaNemec_PlaceFootprints.place_footprints 148:Footprint U62 on root level
08-26 12:14:31 com_github_MitjaNemec_PlaceFootprints.place_footprints 148:Footprint U61 on root level
08-26 12:14:31 com_github_MitjaNemec_PlaceFootprints.place_footprints 148:Footprint U60 on root level
08-26 12:14:31 com_github_MitjaNemec_PlaceFootprints.place_footprints 148:Footprint U59 on root level
08-26 12:14:31 com_github_MitjaNemec_PlaceFootprints.place_footprints 148:Footprint U58 on root level
08-26 12:14:31 com_github_MitjaNemec_PlaceFootprints.place_footprints 148:Footprint U57 on root level
08-26 12:14:31 com_github_MitjaNemec_PlaceFootprints.place_footprints 148:Footprint U56 on root level
08-26 12:14:31 com_github_MitjaNemec_PlaceFootprints.place_footprints 148:Footprint U55 on root level
08-26 12:14:31 com_github_MitjaNemec_PlaceFootprints.place_footprints 148:Footprint U54 on root level
08-26 12:14:31 com_github_MitjaNemec_PlaceFootprints.place_footprints 148:Footprint U53 on root level
08-26 12:14:31 com_github_MitjaNemec_PlaceFootprints.place_footprints 148:Footprint U52 on root level
08-26 12:14:31 com_github_MitjaNemec_PlaceFootprints.place_footprints 148:Footprint U51 on root level
08-26 12:14:31 com_github_MitjaNemec_PlaceFootprints.place_footprints 148:Footprint U50 on root level
08-26 12:14:31 com_github_MitjaNemec_PlaceFootprints.place_footprints 148:Footprint U49 on root level
08-26 12:14:31 com_github_MitjaNemec_PlaceFootprints.place_footprints 148:Footprint U48 on root level
08-26 12:14:31 com_github_MitjaNemec_PlaceFootprints.place_footprints 148:Footprint U47 on root level
08-26 12:14:31 com_github_MitjaNemec_PlaceFootprints.place_footprints 148:Footprint U46 on root level
08-26 12:14:31 com_github_MitjaNemec_PlaceFootprints.place_footprints 148:Footprint U45 on root level
08-26 12:14:31 com_github_MitjaNemec_PlaceFootprints.place_footprints 148:Footprint U44 on root level
08-26 12:14:31 com_github_MitjaNemec_PlaceFootprints.place_footprints 148:Footprint U43 on root level
08-26 12:14:31 com_github_MitjaNemec_PlaceFootprints.place_footprints 148:Footprint U42 on root level
08-26 12:14:31 com_github_MitjaNemec_PlaceFootprints.place_footprints 148:Footprint U41 on root level
08-26 12:14:31 com_github_MitjaNemec_PlaceFootprints.place_footprints 148:Footprint U40 on root level
08-26 12:14:31 com_github_MitjaNemec_PlaceFootprints.place_footprints 148:Footprint U39 on root level
08-26 12:14:31 com_github_MitjaNemec_PlaceFootprints.place_footprints 148:Footprint U38 on root level
08-26 12:14:31 com_github_MitjaNemec_PlaceFootprints.place_footprints 148:Footprint U37 on root level
08-26 12:14:31 com_github_MitjaNemec_PlaceFootprints.place_footprints 148:Footprint U36 on root level
08-26 12:14:31 com_github_MitjaNemec_PlaceFootprints.place_footprints 148:Footprint U35 on root level
08-26 12:14:31 com_github_MitjaNemec_PlaceFootprints.place_footprints 148:Footprint U34 on root level
08-26 12:14:31 com_github_MitjaNemec_PlaceFootprints.place_footprints 148:Footprint U33 on root level
08-26 12:14:31 com_github_MitjaNemec_PlaceFootprints.place_footprints 148:Footprint U32 on root level
08-26 12:14:31 com_github_MitjaNemec_PlaceFootprints.place_footprints 148:Footprint U31 on root level
08-26 12:14:31 com_github_MitjaNemec_PlaceFootprints.place_footprints 148:Footprint U30 on root level
08-26 12:14:31 com_github_MitjaNemec_PlaceFootprints.place_footprints 148:Footprint U29 on root level
08-26 12:14:31 com_github_MitjaNemec_PlaceFootprints.place_footprints 148:Footprint U28 on root level
08-26 12:14:31 com_github_MitjaNemec_PlaceFootprints.place_footprints 148:Footprint U27 on root level
08-26 12:14:31 com_github_MitjaNemec_PlaceFootprints.place_footprints 148:Footprint U26 on root level
08-26 12:14:31 com_github_MitjaNemec_PlaceFootprints.place_footprints 148:Footprint U25 on root level
08-26 12:14:31 com_github_MitjaNemec_PlaceFootprints.place_footprints 148:Footprint U24 on root level
08-26 12:14:31 com_github_MitjaNemec_PlaceFootprints.place_footprints 148:Footprint U23 on root level
08-26 12:14:31 com_github_MitjaNemec_PlaceFootprints.place_footprints 148:Footprint U22 on root level
08-26 12:14:31 com_github_MitjaNemec_PlaceFootprints.place_footprints 148:Footprint U21 on root level
08-26 12:14:31 com_github_MitjaNemec_PlaceFootprints.place_footprints 148:Footprint U20 on root level
08-26 12:14:31 com_github_MitjaNemec_PlaceFootprints.place_footprints 148:Footprint U19 on root level
08-26 12:14:31 com_github_MitjaNemec_PlaceFootprints.place_footprints 148:Footprint U18 on root level
08-26 12:14:31 com_github_MitjaNemec_PlaceFootprints.place_footprints 148:Footprint U17 on root level
08-26 12:14:31 com_github_MitjaNemec_PlaceFootprints.place_footprints 148:Footprint U16 on root level
08-26 12:14:31 com_github_MitjaNemec_PlaceFootprints.place_footprints 148:Footprint U15 on root level
08-26 12:14:31 com_github_MitjaNemec_PlaceFootprints.place_footprints 148:Footprint U14 on root level
08-26 12:14:31 com_github_MitjaNemec_PlaceFootprints.place_footprints 148:Footprint U13 on root level
08-26 12:14:31 com_github_MitjaNemec_PlaceFootprints.place_footprints 148:Footprint U12 on root level
08-26 12:14:31 com_github_MitjaNemec_PlaceFootprints.place_footprints 148:Footprint U11 on root level
08-26 12:14:31 com_github_MitjaNemec_PlaceFootprints.place_footprints 148:Footprint U10 on root level
08-26 12:14:31 com_github_MitjaNemec_PlaceFootprints.place_footprints 148:Footprint U9 on root level
08-26 12:14:31 com_github_MitjaNemec_PlaceFootprints.place_footprints 148:Footprint U8 on root level
08-26 12:14:31 com_github_MitjaNemec_PlaceFootprints.place_footprints 148:Footprint U7 on root level
08-26 12:14:31 com_github_MitjaNemec_PlaceFootprints.place_footprints 148:Footprint U6 on root level
08-26 12:14:31 com_github_MitjaNemec_PlaceFootprints.place_footprints 148:Footprint U5 on root level
08-26 12:14:31 com_github_MitjaNemec_PlaceFootprints.place_footprints 148:Footprint U4 on root level
08-26 12:14:31 com_github_MitjaNemec_PlaceFootprints.place_footprints 148:Footprint U3 on root level
08-26 12:14:31 com_github_MitjaNemec_PlaceFootprints.place_footprints 148:Footprint U2 on root level
08-26 12:14:31 com_github_MitjaNemec_PlaceFootprints.place_footprints 148:Footprint U1 on root level
08-26 12:14:31 com_github_MitjaNemec_PlaceFootprints.place_footprints 148:Footprint R3 on root level
08-26 12:14:31 com_github_MitjaNemec_PlaceFootprints.place_footprints 148:Footprint R2 on root level
08-26 12:14:31 com_github_MitjaNemec_PlaceFootprints.place_footprints 148:Footprint R1 on root level
08-26 12:14:31 com_github_MitjaNemec_PlaceFootprints.place_footprints 148:Footprint J1 on root level
08-26 12:14:31 com_github_MitjaNemec_PlaceFootprints.place_footprints 148:Footprint C200 on root level
08-26 12:14:31 com_github_MitjaNemec_PlaceFootprints.place_footprints 148:Footprint C199 on root level
08-26 12:14:31 com_github_MitjaNemec_PlaceFootprints.place_footprints 148:Footprint C198 on root level
08-26 12:14:31 com_github_MitjaNemec_PlaceFootprints.place_footprints 148:Footprint C197 on root level
08-26 12:14:31 com_github_MitjaNemec_PlaceFootprints.place_footprints 148:Footprint C196 on root level
08-26 12:14:31 com_github_MitjaNemec_PlaceFootprints.place_footprints 148:Footprint C195 on root level
08-26 12:14:31 com_github_MitjaNemec_PlaceFootprints.place_footprints 148:Footprint C194 on root level
08-26 12:14:31 com_github_MitjaNemec_PlaceFootprints.place_footprints 148:Footprint C193 on root level
08-26 12:14:31 com_github_MitjaNemec_PlaceFootprints.place_footprints 148:Footprint C192 on root level
08-26 12:14:31 com_github_MitjaNemec_PlaceFootprints.place_footprints 148:Footprint C191 on root level
08-26 12:14:31 com_github_MitjaNemec_PlaceFootprints.place_footprints 148:Footprint C190 on root level
08-26 12:14:31 com_github_MitjaNemec_PlaceFootprints.place_footprints 148:Footprint C189 on root level
08-26 12:14:31 com_github_MitjaNemec_PlaceFootprints.place_footprints 148:Footprint C188 on root level
08-26 12:14:31 com_github_MitjaNemec_PlaceFootprints.place_footprints 148:Footprint C187 on root level
08-26 12:14:31 com_github_MitjaNemec_PlaceFootprints.place_footprints 148:Footprint C186 on root level
08-26 12:14:31 com_github_MitjaNemec_PlaceFootprints.place_footprints 148:Footprint C185 on root level
08-26 12:14:31 com_github_MitjaNemec_PlaceFootprints.place_footprints 148:Footprint C184 on root level
08-26 12:14:31 com_github_MitjaNemec_PlaceFootprints.place_footprints 148:Footprint C183 on root level
08-26 12:14:31 com_github_MitjaNemec_PlaceFootprints.place_footprints 148:Footprint C182 on root level
08-26 12:14:31 com_github_MitjaNemec_PlaceFootprints.place_footprints 148:Footprint C181 on root level
08-26 12:14:31 com_github_MitjaNemec_PlaceFootprints.place_footprints 148:Footprint C180 on root level
08-26 12:14:31 com_github_MitjaNemec_PlaceFootprints.place_footprints 148:Footprint C179 on root level
08-26 12:14:31 com_github_MitjaNemec_PlaceFootprints.place_footprints 148:Footprint C178 on root level
08-26 12:14:31 com_github_MitjaNemec_PlaceFootprints.place_footprints 148:Footprint C177 on root level
08-26 12:14:31 com_github_MitjaNemec_PlaceFootprints.place_footprints 148:Footprint C176 on root level
08-26 12:14:31 com_github_MitjaNemec_PlaceFootprints.place_footprints 148:Footprint C175 on root level
08-26 12:14:31 com_github_MitjaNemec_PlaceFootprints.place_footprints 148:Footprint C174 on root level
08-26 12:14:31 com_github_MitjaNemec_PlaceFootprints.place_footprints 148:Footprint C173 on root level
08-26 12:14:31 com_github_MitjaNemec_PlaceFootprints.place_footprints 148:Footprint C172 on root level
08-26 12:14:31 com_github_MitjaNemec_PlaceFootprints.place_footprints 148:Footprint C171 on root level
08-26 12:14:31 com_github_MitjaNemec_PlaceFootprints.place_footprints 148:Footprint C170 on root level
08-26 12:14:31 com_github_MitjaNemec_PlaceFootprints.place_footprints 148:Footprint C169 on root level
08-26 12:14:31 com_github_MitjaNemec_PlaceFootprints.place_footprints 148:Footprint C168 on root level
08-26 12:14:31 com_github_MitjaNemec_PlaceFootprints.place_footprints 148:Footprint C167 on root level
08-26 12:14:31 com_github_MitjaNemec_PlaceFootprints.place_footprints 148:Footprint C166 on root level
08-26 12:14:31 com_github_MitjaNemec_PlaceFootprints.place_footprints 148:Footprint C165 on root level
08-26 12:14:31 com_github_MitjaNemec_PlaceFootprints.place_footprints 148:Footprint C164 on root level
08-26 12:14:31 com_github_MitjaNemec_PlaceFootprints.place_footprints 148:Footprint C163 on root level
08-26 12:14:31 com_github_MitjaNemec_PlaceFootprints.place_footprints 148:Footprint C162 on root level
08-26 12:14:31 com_github_MitjaNemec_PlaceFootprints.place_footprints 148:Footprint C161 on root level
08-26 12:14:31 com_github_MitjaNemec_PlaceFootprints.place_footprints 148:Footprint C160 on root level
08-26 12:14:31 com_github_MitjaNemec_PlaceFootprints.place_footprints 148:Footprint C159 on root level
08-26 12:14:31 com_github_MitjaNemec_PlaceFootprints.place_footprints 148:Footprint C158 on root level
08-26 12:14:31 com_github_MitjaNemec_PlaceFootprints.place_footprints 148:Footprint C157 on root level
08-26 12:14:31 com_github_MitjaNemec_PlaceFootprints.place_footprints 148:Footprint C156 on root level
08-26 12:14:31 com_github_MitjaNemec_PlaceFootprints.place_footprints 148:Footprint C155 on root level
08-26 12:14:31 com_github_MitjaNemec_PlaceFootprints.place_footprints 148:Footprint C154 on root level
08-26 12:14:31 com_github_MitjaNemec_PlaceFootprints.place_footprints 148:Footprint C153 on root level
08-26 12:14:31 com_github_MitjaNemec_PlaceFootprints.place_footprints 148:Footprint C152 on root level
08-26 12:14:31 com_github_MitjaNemec_PlaceFootprints.place_footprints 148:Footprint C151 on root level
08-26 12:14:31 com_github_MitjaNemec_PlaceFootprints.place_footprints 148:Footprint C150 on root level
08-26 12:14:31 com_github_MitjaNemec_PlaceFootprints.place_footprints 148:Footprint C149 on root level
08-26 12:14:31 com_github_MitjaNemec_PlaceFootprints.place_footprints 148:Footprint C148 on root level
08-26 12:14:31 com_github_MitjaNemec_PlaceFootprints.place_footprints 148:Footprint C147 on root level
08-26 12:14:31 com_github_MitjaNemec_PlaceFootprints.place_footprints 148:Footprint C146 on root level
08-26 12:14:31 com_github_MitjaNemec_PlaceFootprints.place_footprints 148:Footprint C145 on root level
08-26 12:14:31 com_github_MitjaNemec_PlaceFootprints.place_footprints 148:Footprint C144 on root level
08-26 12:14:31 com_github_MitjaNemec_PlaceFootprints.place_footprints 148:Footprint C143 on root level
08-26 12:14:31 com_github_MitjaNemec_PlaceFootprints.place_footprints 148:Footprint C142 on root level
08-26 12:14:31 com_github_MitjaNemec_PlaceFootprints.place_footprints 148:Footprint C141 on root level
08-26 12:14:31 com_github_MitjaNemec_PlaceFootprints.place_footprints 148:Footprint C140 on root level
08-26 12:14:31 com_github_MitjaNemec_PlaceFootprints.place_footprints 148:Footprint C139 on root level
08-26 12:14:31 com_github_MitjaNemec_PlaceFootprints.place_footprints 148:Footprint C138 on root level
08-26 12:14:31 com_github_MitjaNemec_PlaceFootprints.place_footprints 148:Footprint C137 on root level
08-26 12:14:31 com_github_MitjaNemec_PlaceFootprints.place_footprints 148:Footprint C136 on root level
08-26 12:14:31 com_github_MitjaNemec_PlaceFootprints.place_footprints 148:Footprint C135 on root level
08-26 12:14:31 com_github_MitjaNemec_PlaceFootprints.place_footprints 148:Footprint C134 on root level
08-26 12:14:31 com_github_MitjaNemec_PlaceFootprints.place_footprints 148:Footprint C133 on root level
08-26 12:14:31 com_github_MitjaNemec_PlaceFootprints.place_footprints 148:Footprint C132 on root level
08-26 12:14:31 com_github_MitjaNemec_PlaceFootprints.place_footprints 148:Footprint C131 on root level
08-26 12:14:31 com_github_MitjaNemec_PlaceFootprints.place_footprints 148:Footprint C130 on root level
08-26 12:14:31 com_github_MitjaNemec_PlaceFootprints.place_footprints 148:Footprint C129 on root level
08-26 12:14:31 com_github_MitjaNemec_PlaceFootprints.place_footprints 148:Footprint C128 on root level
08-26 12:14:31 com_github_MitjaNemec_PlaceFootprints.place_footprints 148:Footprint C127 on root level
08-26 12:14:31 com_github_MitjaNemec_PlaceFootprints.place_footprints 148:Footprint C126 on root level
08-26 12:14:31 com_github_MitjaNemec_PlaceFootprints.place_footprints 148:Footprint C125 on root level
08-26 12:14:31 com_github_MitjaNemec_PlaceFootprints.place_footprints 148:Footprint C124 on root level
08-26 12:14:31 com_github_MitjaNemec_PlaceFootprints.place_footprints 148:Footprint C123 on root level
08-26 12:14:31 com_github_MitjaNemec_PlaceFootprints.place_footprints 148:Footprint C122 on root level
08-26 12:14:31 com_github_MitjaNemec_PlaceFootprints.place_footprints 148:Footprint C121 on root level
08-26 12:14:31 com_github_MitjaNemec_PlaceFootprints.place_footprints 148:Footprint C120 on root level
08-26 12:14:31 com_github_MitjaNemec_PlaceFootprints.place_footprints 148:Footprint C119 on root level
08-26 12:14:31 com_github_MitjaNemec_PlaceFootprints.place_footprints 148:Footprint C118 on root level
08-26 12:14:31 com_github_MitjaNemec_PlaceFootprints.place_footprints 148:Footprint C117 on root level
08-26 12:14:31 com_github_MitjaNemec_PlaceFootprints.place_footprints 148:Footprint C116 on root level
08-26 12:14:31 com_github_MitjaNemec_PlaceFootprints.place_footprints 148:Footprint C115 on root level
08-26 12:14:31 com_github_MitjaNemec_PlaceFootprints.place_footprints 148:Footprint C114 on root level
08-26 12:14:31 com_github_MitjaNemec_PlaceFootprints.place_footprints 148:Footprint C113 on root level
08-26 12:14:31 com_github_MitjaNemec_PlaceFootprints.place_footprints 148:Footprint C112 on root level
08-26 12:14:31 com_github_MitjaNemec_PlaceFootprints.place_footprints 148:Footprint C111 on root level
08-26 12:14:31 com_github_MitjaNemec_PlaceFootprints.place_footprints 148:Footprint C110 on root level
08-26 12:14:31 com_github_MitjaNemec_PlaceFootprints.place_footprints 148:Footprint C109 on root level
08-26 12:14:31 com_github_MitjaNemec_PlaceFootprints.place_footprints 148:Footprint C108 on root level
08-26 12:14:31 com_github_MitjaNemec_PlaceFootprints.place_footprints 148:Footprint C107 on root level
08-26 12:14:31 com_github_MitjaNemec_PlaceFootprints.place_footprints 148:Footprint C106 on root level
08-26 12:14:31 com_github_MitjaNemec_PlaceFootprints.place_footprints 148:Footprint C105 on root level
08-26 12:14:31 com_github_MitjaNemec_PlaceFootprints.place_footprints 148:Footprint C104 on root level
08-26 12:14:31 com_github_MitjaNemec_PlaceFootprints.place_footprints 148:Footprint C103 on root level
08-26 12:14:31 com_github_MitjaNemec_PlaceFootprints.place_footprints 148:Footprint C102 on root level
08-26 12:14:31 com_github_MitjaNemec_PlaceFootprints.place_footprints 148:Footprint C101 on root level
08-26 12:14:31 com_github_MitjaNemec_PlaceFootprints.place_footprints 148:Footprint C100 on root level
08-26 12:14:31 com_github_MitjaNemec_PlaceFootprints.place_footprints 148:Footprint C99 on root level
08-26 12:14:31 com_github_MitjaNemec_PlaceFootprints.place_footprints 148:Footprint C98 on root level
08-26 12:14:31 com_github_MitjaNemec_PlaceFootprints.place_footprints 148:Footprint C97 on root level
08-26 12:14:31 com_github_MitjaNemec_PlaceFootprints.place_footprints 148:Footprint C96 on root level
08-26 12:14:31 com_github_MitjaNemec_PlaceFootprints.place_footprints 148:Footprint C95 on root level
08-26 12:14:31 com_github_MitjaNemec_PlaceFootprints.place_footprints 148:Footprint C94 on root level
08-26 12:14:31 com_github_MitjaNemec_PlaceFootprints.place_footprints 148:Footprint C93 on root level
08-26 12:14:31 com_github_MitjaNemec_PlaceFootprints.place_footprints 148:Footprint C92 on root level
08-26 12:14:31 com_github_MitjaNemec_PlaceFootprints.place_footprints 148:Footprint C91 on root level
08-26 12:14:31 com_github_MitjaNemec_PlaceFootprints.place_footprints 148:Footprint C90 on root level
08-26 12:14:31 com_github_MitjaNemec_PlaceFootprints.place_footprints 148:Footprint C89 on root level
08-26 12:14:31 com_github_MitjaNemec_PlaceFootprints.place_footprints 148:Footprint C88 on root level
08-26 12:14:31 com_github_MitjaNemec_PlaceFootprints.place_footprints 148:Footprint C87 on root level
08-26 12:14:31 com_github_MitjaNemec_PlaceFootprints.place_footprints 148:Footprint C86 on root level
08-26 12:14:31 com_github_MitjaNemec_PlaceFootprints.place_footprints 148:Footprint C85 on root level
08-26 12:14:31 com_github_MitjaNemec_PlaceFootprints.place_footprints 148:Footprint C84 on root level
08-26 12:14:31 com_github_MitjaNemec_PlaceFootprints.place_footprints 148:Footprint C83 on root level
08-26 12:14:31 com_github_MitjaNemec_PlaceFootprints.place_footprints 148:Footprint C82 on root level
08-26 12:14:31 com_github_MitjaNemec_PlaceFootprints.place_footprints 148:Footprint C81 on root level
08-26 12:14:31 com_github_MitjaNemec_PlaceFootprints.place_footprints 148:Footprint C80 on root level
08-26 12:14:31 com_github_MitjaNemec_PlaceFootprints.place_footprints 148:Footprint C79 on root level
08-26 12:14:31 com_github_MitjaNemec_PlaceFootprints.place_footprints 148:Footprint C78 on root level
08-26 12:14:31 com_github_MitjaNemec_PlaceFootprints.place_footprints 148:Footprint C77 on root level
08-26 12:14:31 com_github_MitjaNemec_PlaceFootprints.place_footprints 148:Footprint C76 on root level
08-26 12:14:31 com_github_MitjaNemec_PlaceFootprints.place_footprints 148:Footprint C75 on root level
08-26 12:14:31 com_github_MitjaNemec_PlaceFootprints.place_footprints 148:Footprint C74 on root level
08-26 12:14:31 com_github_MitjaNemec_PlaceFootprints.place_footprints 148:Footprint C73 on root level
08-26 12:14:31 com_github_MitjaNemec_PlaceFootprints.place_footprints 148:Footprint C72 on root level
08-26 12:14:31 com_github_MitjaNemec_PlaceFootprints.place_footprints 148:Footprint C71 on root level
08-26 12:14:31 com_github_MitjaNemec_PlaceFootprints.place_footprints 148:Footprint C70 on root level
08-26 12:14:31 com_github_MitjaNemec_PlaceFootprints.place_footprints 148:Footprint C69 on root level
08-26 12:14:31 com_github_MitjaNemec_PlaceFootprints.place_footprints 148:Footprint C68 on root level
08-26 12:14:31 com_github_MitjaNemec_PlaceFootprints.place_footprints 148:Footprint C67 on root level
08-26 12:14:31 com_github_MitjaNemec_PlaceFootprints.place_footprints 148:Footprint C66 on root level
08-26 12:14:31 com_github_MitjaNemec_PlaceFootprints.place_footprints 148:Footprint C65 on root level
08-26 12:14:31 com_github_MitjaNemec_PlaceFootprints.place_footprints 148:Footprint C64 on root level
08-26 12:14:31 com_github_MitjaNemec_PlaceFootprints.place_footprints 148:Footprint C63 on root level
08-26 12:14:31 com_github_MitjaNemec_PlaceFootprints.place_footprints 148:Footprint C62 on root level
08-26 12:14:31 com_github_MitjaNemec_PlaceFootprints.place_footprints 148:Footprint C61 on root level
08-26 12:14:31 com_github_MitjaNemec_PlaceFootprints.place_footprints 148:Footprint C60 on root level
08-26 12:14:31 com_github_MitjaNemec_PlaceFootprints.place_footprints 148:Footprint C59 on root level
08-26 12:14:31 com_github_MitjaNemec_PlaceFootprints.place_footprints 148:Footprint C58 on root level
08-26 12:14:31 com_github_MitjaNemec_PlaceFootprints.place_footprints 148:Footprint C57 on root level
08-26 12:14:31 com_github_MitjaNemec_PlaceFootprints.place_footprints 148:Footprint C56 on root level
08-26 12:14:31 com_github_MitjaNemec_PlaceFootprints.place_footprints 148:Footprint C55 on root level
08-26 12:14:31 com_github_MitjaNemec_PlaceFootprints.place_footprints 148:Footprint C54 on root level
08-26 12:14:31 com_github_MitjaNemec_PlaceFootprints.place_footprints 148:Footprint C53 on root level
08-26 12:14:31 com_github_MitjaNemec_PlaceFootprints.place_footprints 148:Footprint C52 on root level
08-26 12:14:31 com_github_MitjaNemec_PlaceFootprints.place_footprints 148:Footprint C51 on root level
08-26 12:14:31 com_github_MitjaNemec_PlaceFootprints.place_footprints 148:Footprint C50 on root level
08-26 12:14:31 com_github_MitjaNemec_PlaceFootprints.place_footprints 148:Footprint C49 on root level
08-26 12:14:31 com_github_MitjaNemec_PlaceFootprints.place_footprints 148:Footprint C48 on root level
08-26 12:14:31 com_github_MitjaNemec_PlaceFootprints.place_footprints 148:Footprint C47 on root level
08-26 12:14:31 com_github_MitjaNemec_PlaceFootprints.place_footprints 148:Footprint C46 on root level
08-26 12:14:31 com_github_MitjaNemec_PlaceFootprints.place_footprints 148:Footprint C45 on root level
08-26 12:14:31 com_github_MitjaNemec_PlaceFootprints.place_footprints 148:Footprint C44 on root level
08-26 12:14:31 com_github_MitjaNemec_PlaceFootprints.place_footprints 148:Footprint C43 on root level
08-26 12:14:31 com_github_MitjaNemec_PlaceFootprints.place_footprints 148:Footprint C42 on root level
08-26 12:14:31 com_github_MitjaNemec_PlaceFootprints.place_footprints 148:Footprint C41 on root level
08-26 12:14:31 com_github_MitjaNemec_PlaceFootprints.place_footprints 148:Footprint C40 on root level
08-26 12:14:31 com_github_MitjaNemec_PlaceFootprints.place_footprints 148:Footprint C39 on root level
08-26 12:14:31 com_github_MitjaNemec_PlaceFootprints.place_footprints 148:Footprint C38 on root level
08-26 12:14:31 com_github_MitjaNemec_PlaceFootprints.place_footprints 148:Footprint C37 on root level
08-26 12:14:31 com_github_MitjaNemec_PlaceFootprints.place_footprints 148:Footprint C36 on root level
08-26 12:14:31 com_github_MitjaNemec_PlaceFootprints.place_footprints 148:Footprint C35 on root level
08-26 12:14:31 com_github_MitjaNemec_PlaceFootprints.place_footprints 148:Footprint C34 on root level
08-26 12:14:31 com_github_MitjaNemec_PlaceFootprints.place_footprints 148:Footprint C33 on root level
08-26 12:14:31 com_github_MitjaNemec_PlaceFootprints.place_footprints 148:Footprint C32 on root level
08-26 12:14:31 com_github_MitjaNemec_PlaceFootprints.place_footprints 148:Footprint C31 on root level
08-26 12:14:31 com_github_MitjaNemec_PlaceFootprints.place_footprints 148:Footprint C30 on root level
08-26 12:14:31 com_github_MitjaNemec_PlaceFootprints.place_footprints 148:Footprint C29 on root level
08-26 12:14:31 com_github_MitjaNemec_PlaceFootprints.place_footprints 148:Footprint C28 on root level
08-26 12:14:31 com_github_MitjaNemec_PlaceFootprints.place_footprints 148:Footprint C27 on root level
08-26 12:14:31 com_github_MitjaNemec_PlaceFootprints.place_footprints 148:Footprint C26 on root level
08-26 12:14:31 com_github_MitjaNemec_PlaceFootprints.place_footprints 148:Footprint C25 on root level
08-26 12:14:31 com_github_MitjaNemec_PlaceFootprints.place_footprints 148:Footprint C24 on root level
08-26 12:14:31 com_github_MitjaNemec_PlaceFootprints.place_footprints 148:Footprint C23 on root level
08-26 12:14:31 com_github_MitjaNemec_PlaceFootprints.place_footprints 148:Footprint C22 on root level
08-26 12:14:31 com_github_MitjaNemec_PlaceFootprints.place_footprints 148:Footprint C21 on root level
08-26 12:14:31 com_github_MitjaNemec_PlaceFootprints.place_footprints 148:Footprint C20 on root level
08-26 12:14:31 com_github_MitjaNemec_PlaceFootprints.place_footprints 148:Footprint C19 on root level
08-26 12:14:31 com_github_MitjaNemec_PlaceFootprints.place_footprints 148:Footprint C18 on root level
08-26 12:14:31 com_github_MitjaNemec_PlaceFootprints.place_footprints 148:Footprint C17 on root level
08-26 12:14:31 com_github_MitjaNemec_PlaceFootprints.place_footprints 148:Footprint C16 on root level
08-26 12:14:31 com_github_MitjaNemec_PlaceFootprints.place_footprints 148:Footprint C15 on root level
08-26 12:14:31 com_github_MitjaNemec_PlaceFootprints.place_footprints 148:Footprint C14 on root level
08-26 12:14:31 com_github_MitjaNemec_PlaceFootprints.place_footprints 148:Footprint C13 on root level
08-26 12:14:31 com_github_MitjaNemec_PlaceFootprints.place_footprints 148:Footprint C12 on root level
08-26 12:14:31 com_github_MitjaNemec_PlaceFootprints.place_footprints 148:Footprint C11 on root level
08-26 12:14:31 com_github_MitjaNemec_PlaceFootprints.place_footprints 148:Footprint C10 on root level
08-26 12:14:31 com_github_MitjaNemec_PlaceFootprints.place_footprints 148:Footprint C9 on root level
08-26 12:14:31 com_github_MitjaNemec_PlaceFootprints.place_footprints 148:Footprint C8 on root level
08-26 12:14:31 com_github_MitjaNemec_PlaceFootprints.place_footprints 148:Footprint C7 on root level
08-26 12:14:31 com_github_MitjaNemec_PlaceFootprints.place_footprints 148:Footprint C6 on root level
08-26 12:14:31 com_github_MitjaNemec_PlaceFootprints.place_footprints 148:Footprint C5 on root level
08-26 12:14:31 com_github_MitjaNemec_PlaceFootprints.place_footprints 148:Footprint C4 on root level
08-26 12:14:31 com_github_MitjaNemec_PlaceFootprints.place_footprints 148:Footprint C3 on root level
08-26 12:14:31 com_github_MitjaNemec_PlaceFootprints.place_footprints 148:Footprint C2 on root level
08-26 12:14:31 com_github_MitjaNemec_PlaceFootprints.place_footprints 148:Footprint C1 on root level
08-26 12:14:32 com_github_MitjaNemec_PlaceFootprints.action_place_footprints 570:Reference designator is: C
08-26 12:14:32 com_github_MitjaNemec_PlaceFootprints.action_place_footprints 571:Reference number is: 160
08-26 12:14:32 com_github_MitjaNemec_PlaceFootprints.action_place_footprints 603:Sorted and filtered list:
['C1', 'C2', 'C3', 'C4', 'C5', 'C6', 'C7', 'C8', 'C9', 'C10', 'C11', 'C12', 'C13', 'C14', 'C15', 'C16', 'C17', 'C18', 'C19', 'C20', 'C21', 'C22', 'C23', 'C24', 'C25', 'C26', 'C27', 'C28', 'C29', 'C30', 'C31', 'C32', 'C33', 'C34', 'C35', 'C36', 'C37', 'C38', 'C39', 'C40', 'C41', 'C42', 'C43', 'C44', 'C45', 'C46', 'C47', 'C48', 'C49', 'C50', 'C51', 'C52', 'C53', 'C54', 'C55', 'C56', 'C57', 'C58', 'C59', 'C60', 'C61', 'C62', 'C63', 'C64', 'C65', 'C66', 'C67', 'C68', 'C69', 'C70', 'C71', 'C72', 'C73', 'C74', 'C75', 'C76', 'C77', 'C78', 'C79', 'C80', 'C81', 'C82', 'C83', 'C84', 'C85', 'C86', 'C87', 'C88', 'C89', 'C90', 'C91', 'C92', 'C93', 'C94', 'C95', 'C96', 'C97', 'C98', 'C99', 'C100', 'C101', 'C102', 'C103', 'C104', 'C105', 'C106', 'C107', 'C108', 'C109', 'C110', 'C111', 'C112', 'C113', 'C114', 'C115', 'C116', 'C117', 'C118', 'C119', 'C120', 'C121', 'C122', 'C123', 'C124', 'C125', 'C126', 'C127', 'C128', 'C129', 'C130', 'C131', 'C132', 'C133', 'C134', 'C135', 'C136', 'C137', 'C138', 'C139', 'C140', 'C141', 'C142', 'C143', 'C144', 'C145', 'C146', 'C147', 'C148', 'C149', 'C150', 'C151', 'C152', 'C153', 'C154', 'C155', 'C156', 'C157', 'C158', 'C159', 'C160', 'C161', 'C162', 'C163', 'C164', 'C165', 'C166', 'C167', 'C168', 'C169', 'C170', 'C171', 'C172', 'C173', 'C174', 'C175', 'C176', 'C177', 'C178', 'C179', 'C180', 'C181', 'C182', 'C183', 'C184', 'C185', 'C186', 'C187', 'C188', 'C189', 'C190', 'C191', 'C192', 'C193', 'C194', 'C195', 'C196', 'C197', 'C198', 'C199', 'C200']
08-26 12:14:37 com_github_MitjaNemec_PlaceFootprints.action_place_footprints 641:Footprints to place:
['C1', 'C2', 'C3', 'C4', 'C5', 'C6', 'C7', 'C8', 'C9', 'C10', 'C11', 'C12', 'C13', 'C14', 'C15', 'C16', 'C17', 'C18', 'C19', 'C20', 'C21', 'C22', 'C23', 'C24', 'C25', 'C26', 'C27', 'C28', 'C29', 'C30', 'C31', 'C32', 'C33', 'C34', 'C35', 'C36', 'C37', 'C38', 'C39', 'C40', 'C41', 'C42', 'C43', 'C44', 'C45', 'C46', 'C47', 'C48', 'C49', 'C50', 'C51', 'C52', 'C53', 'C54', 'C55', 'C56', 'C57', 'C58', 'C59', 'C60', 'C61', 'C62', 'C63', 'C64', 'C65', 'C66', 'C67', 'C68', 'C69', 'C70', 'C71', 'C72', 'C73', 'C74', 'C75', 'C76', 'C77', 'C78', 'C79', 'C80', 'C81', 'C82', 'C83', 'C84', 'C85', 'C86', 'C87', 'C88', 'C89', 'C90', 'C91', 'C92', 'C93', 'C94', 'C95', 'C96', 'C97', 'C98', 'C99', 'C100', 'C101', 'C102', 'C103', 'C104', 'C105', 'C106', 'C107', 'C108', 'C109', 'C110', 'C111', 'C112', 'C113', 'C114', 'C115', 'C116', 'C117', 'C118', 'C119', 'C120', 'C121', 'C122', 'C123', 'C124', 'C125', 'C126', 'C127', 'C128', 'C129', 'C130', 'C131', 'C132', 'C133', 'C134', 'C135', 'C136', 'C137', 'C138', 'C139', 'C140', 'C141', 'C142', 'C143', 'C144', 'C145', 'C146', 'C147', 'C148', 'C149', 'C150', 'C151', 'C152', 'C153', 'C154', 'C155', 'C156', 'C157', 'C158', 'C159', 'C160', 'C161', 'C162', 'C163', 'C164', 'C165', 'C166', 'C167', 'C168', 'C169', 'C170', 'C171', 'C172', 'C173', 'C174', 'C175', 'C176', 'C177', 'C178', 'C179', 'C180', 'C181', 'C182', 'C183', 'C184', 'C185', 'C186', 'C187', 'C188', 'C189', 'C190', 'C191', 'C192', 'C193', 'C194', 'C195', 'C196', 'C197', 'C198', 'C199', 'C200']
08-26 12:14:37 com_github_MitjaNemec_PlaceFootprints.place_footprints 296:Starting placing with linear layout
08-26 12:14:37 com_github_MitjaNemec_PlaceFootprints.action_place_footprints 685:Placing complete
